<?xml version="1.0" encoding="UTF-8"?>
<!-- Generated by org.testng.reporters.JUnitReportReporter -->
<testsuite skipped="0" hostname="amw-g1" name="example.NewTest" tests="1" failures="0" timestamp="23 Jan 2018 05:06:53 GMT" time="8.533" errors="0">
  <testcase name="testEasy" time="8.533" classname="example.NewTest"/>
</testsuite> <!-- example.NewTest -->
